2021-04-27 19:27:51,380:INFO:PyCaret Supervised Module
2021-04-27 19:27:51,381:INFO:ML Usecase: anomaly
2021-04-27 19:27:51,381:INFO:version 2.3.0
2021-04-27 19:27:51,381:INFO:Initializing setup()
2021-04-27 19:27:51,381:INFO:setup(target=None, ml_usecase=anomaly, available_plots={'tsne': 'Anomaly TSnE (3d)', 'umap': 'UMAP Dimensionality'}, train_size=0.7, test_data=None, preprocess=True, imputation_type=simple, iterative_imputation_iters=5, categorical_features=None, categorical_imputation=mode, categorical_iterative_imputer=lightgbm, ordinal_features=None, high_cardinality_features=None, high_cardinality_method=frequency, numeric_features=None, numeric_imputation=mean, numeric_iterative_imputer=lightgbm, date_features=None, ignore_features=None, normalize=True, normalize_method=zscore, transformation=False, transformation_method=yeo-johnson, handle_unknown_categorical=True, unknown_categorical_method=least_frequent, pca=False, pca_method=linear, pca_components=None, ignore_low_variance=False, combine_rare_levels=False, rare_level_threshold=0.1, bin_numeric_features=None, remove_outliers=False, outliers_threshold=0.05, remove_multicollinearity=False, multicollinearity_threshold=0.9, remove_perfect_collinearity=False, create_clusters=False, cluster_iter=20, polynomial_features=False, polynomial_degree=2, trigonometry_features=False, polynomial_threshold=0.1, group_features=None, group_names=None, feature_selection=False, feature_selection_threshold=0.8, feature_selection_method=classic, feature_interaction=False, feature_ratio=False, interaction_threshold=0.01, fix_imbalance=False, fix_imbalance_method=None, transform_target=False, transform_target_method=box-cox, data_split_shuffle=False, data_split_stratify=False, fold_strategy=kfold, fold=10, fold_shuffle=False, fold_groups=None, n_jobs=-1, use_gpu=False, custom_pipeline=None, html=True, session_id=None, log_experiment=False, experiment_name=None, log_plots=False, log_profile=False, log_data=False, silent=False, verbose=True, profile=False, profile_kwargs=None, display=None)
2021-04-27 19:27:51,384:INFO:Checking environment
2021-04-27 19:27:51,385:INFO:python_version: 3.8.5
2021-04-27 19:27:51,385:INFO:python_build: ('default', 'Sep  3 2020 21:29:08')
2021-04-27 19:27:51,385:INFO:machine: AMD64
2021-04-27 19:27:51,385:INFO:platform: Windows-10-10.0.19041-SP0
2021-04-27 19:27:51,385:INFO:Memory: svmem(total=8471707648, available=2319396864, percent=72.6, used=6152310784, free=2319396864)
2021-04-27 19:27:51,385:INFO:Physical Core: 4
2021-04-27 19:27:51,385:INFO:Logical Core: 8
2021-04-27 19:27:51,385:INFO:Checking libraries
2021-04-27 19:27:51,386:INFO:pd==1.1.3
2021-04-27 19:27:51,386:INFO:numpy==1.19.5
2021-04-27 19:27:51,386:INFO:sklearn==0.23.2
2021-04-27 19:27:51,386:INFO:lightgbm==3.2.1
2021-04-27 19:27:51,386:WARNING:catboost not found
2021-04-27 19:27:51,387:WARNING:xgboost not found
2021-04-27 19:27:51,842:INFO:mlflow==1.15.0
2021-04-27 19:27:51,842:INFO:Checking Exceptions
2021-04-27 19:27:51,842:INFO:Declaring global variables
2021-04-27 19:27:51,842:INFO:USI: 4e14
2021-04-27 19:27:51,842:INFO:pycaret_globals: {'transform_target_param', 'transform_target_method_param', 'exp_name_log', 'fold_param', 'create_model_container', '_internal_pipeline', 'html_param', 'pycaret_globals', 'display_container', '_all_models', 'stratify_param', 'prep_pipe', 'master_model_container', '_available_plots', 'experiment__', 'target_param', '_ml_usecase', 'fold_generator', 'imputation_classifier', '_all_models_internal', 'log_plots_param', 'fix_imbalance_method_param', 'iterative_imputation_iters_param', 'imputation_regressor', 'USI', 'X', '_all_metrics', 'fix_imbalance_param', 'gpu_param', 'fold_shuffle_param', '_gpu_n_jobs_param', 'logging_param', 'data_before_preprocess', 'seed', 'fold_groups_param', 'n_jobs_param'}
2021-04-27 19:27:51,843:INFO:Preparing display monitor
2021-04-27 19:27:51,843:INFO:Preparing display monitor
2021-04-27 19:27:51,851:INFO:Importing libraries
2021-04-27 19:27:51,851:INFO:Copying data for preprocessing
2021-04-27 19:27:51,854:INFO:Declaring preprocessing parameters
2021-04-27 19:27:51,855:INFO:Creating preprocessing pipeline
2021-04-27 19:27:51,858:INFO:Preprocessing pipeline created successfully
2021-04-27 19:27:51,858:ERROR:(Process Exit): setup has been interupted with user command 'quit'. setup must rerun.
2021-04-27 19:27:51,858:INFO:Creating global containers
2021-04-27 19:27:51,859:INFO:Internal pipeline: Pipeline(memory=None, steps=[('empty_step', 'passthrough')], verbose=False)
2021-04-27 19:28:30,086:INFO:Creating grid variables
2021-04-27 19:28:30,089:INFO:create_model_container: 0
2021-04-27 19:28:30,089:INFO:master_model_container: 0
2021-04-27 19:28:30,089:INFO:display_container: 1
2021-04-27 19:28:30,094:INFO:Pipeline(memory=None,
         steps=[('dtypes',
                 DataTypes_Auto_infer(categorical_features=[],
                                      display_types=True, features_todrop=[],
                                      id_columns=[], ml_usecase='regression',
                                      numerical_features=[],
                                      target='UNSUPERVISED_DUMMY_TARGET',
                                      time_features=[])),
                ('imputer',
                 Simple_Imputer(categorical_strategy='most frequent',
                                fill_value_categorical=None,
                                fill_value_numerical=None...
                ('P_transform', 'passthrough'), ('binn', 'passthrough'),
                ('rem_outliers', 'passthrough'), ('cluster_all', 'passthrough'),
                ('dummy', Dummify(target='UNSUPERVISED_DUMMY_TARGET')),
                ('fix_perfect', 'passthrough'),
                ('clean_names', Clean_Colum_Names()),
                ('feature_select', 'passthrough'), ('fix_multi', 'passthrough'),
                ('dfs', 'passthrough'), ('pca', 'passthrough')],
         verbose=False)
2021-04-27 19:28:30,094:INFO:setup() succesfully completed......................................
2021-04-27 19:28:30,174:INFO:Initializing create_model()
2021-04-27 19:28:30,174:INFO:create_model(estimator=iforest, num_clusters=4, fraction=0.05, ground_truth=None, round=4, fit_kwargs=None, verbose=True, system=True, raise_num_clusters=False, display=None, kwargs={})
2021-04-27 19:28:30,174:INFO:Checking exceptions
2021-04-27 19:28:30,174:INFO:Preparing display monitor
2021-04-27 19:28:30,186:INFO:Importing libraries
2021-04-27 19:28:30,194:INFO:Importing untrained model
2021-04-27 19:28:30,202:INFO:Isolation Forest Imported succesfully
2021-04-27 19:28:30,211:INFO:Fitting Model
2021-04-27 19:28:30,656:INFO:IForest(behaviour='new', bootstrap=False, contamination=0.05,
    max_features=1.0, max_samples='auto', n_estimators=100, n_jobs=-1,
    random_state=7152, verbose=0)
2021-04-27 19:28:30,657:INFO:create_models() succesfully completed......................................
2021-04-27 19:28:30,657:INFO:Uploading results into container
2021-04-27 19:28:30,657:INFO:Uploading model into container now
2021-04-27 19:28:30,658:INFO:create_model_container: 1
2021-04-27 19:28:30,678:INFO:master_model_container: 1
2021-04-27 19:28:30,678:INFO:display_container: 2
2021-04-27 19:28:30,678:INFO:IForest(behaviour='new', bootstrap=False, contamination=0.05,
    max_features=1.0, max_samples='auto', n_estimators=100, n_jobs=-1,
    random_state=7152, verbose=0)
2021-04-27 19:28:30,678:INFO:create_model() succesfully completed......................................
2021-04-27 19:28:30,771:INFO:Initializing create_model()
2021-04-27 19:28:30,771:INFO:create_model(estimator=svm, num_clusters=4, fraction=0.025, ground_truth=None, round=4, fit_kwargs=None, verbose=True, system=True, raise_num_clusters=False, display=None, kwargs={})
2021-04-27 19:28:30,771:INFO:Checking exceptions
2021-04-27 19:28:30,771:INFO:Preparing display monitor
2021-04-27 19:28:30,781:INFO:Importing libraries
2021-04-27 19:28:30,789:INFO:Importing untrained model
2021-04-27 19:28:30,797:INFO:One-class SVM detector Imported succesfully
2021-04-27 19:28:30,807:INFO:Fitting Model
2021-04-27 19:28:30,813:INFO:OCSVM(cache_size=200, coef0=0.0, contamination=0.025, degree=3, gamma='auto',
   kernel='rbf', max_iter=-1, nu=0.5, shrinking=True, tol=0.001,
   verbose=False)
2021-04-27 19:28:30,813:INFO:create_models() succesfully completed......................................
2021-04-27 19:28:30,814:INFO:Uploading results into container
2021-04-27 19:28:30,814:INFO:Uploading model into container now
2021-04-27 19:28:30,814:INFO:create_model_container: 2
2021-04-27 19:28:30,814:INFO:master_model_container: 2
2021-04-27 19:28:30,814:INFO:display_container: 3
2021-04-27 19:28:30,815:INFO:OCSVM(cache_size=200, coef0=0.0, contamination=0.025, degree=3, gamma='auto',
   kernel='rbf', max_iter=-1, nu=0.5, shrinking=True, tol=0.001,
   verbose=False)
2021-04-27 19:28:30,815:INFO:create_model() succesfully completed......................................
2021-04-27 19:28:30,901:INFO:Initializing assign_model()
2021-04-27 19:28:30,901:INFO:assign_model(model=IForest(behaviour='new', bootstrap=False, contamination=0.05,
    max_features=1.0, max_samples='auto', n_estimators=100, n_jobs=-1,
    random_state=7152, verbose=0), transformation=False, score=True, verbose=True)
2021-04-27 19:28:30,901:INFO:Checking exceptions
2021-04-27 19:28:30,901:INFO:Determining Trained Model
2021-04-27 19:28:30,901:INFO:Trained Model : Isolation Forest
2021-04-27 19:28:30,901:INFO:Copying data
2021-04-27 19:28:30,902:INFO:(331, 3)
2021-04-27 19:28:30,902:INFO:assign_model() succesfully completed......................................
2021-04-27 19:28:30,902:INFO:Initializing plot_model()
2021-04-27 19:28:30,902:INFO:plot_model(plot=tsne, fold=None, use_train_data=False, verbose=True, is_in_evaluate=False, display=None, display_format=None, estimator=IForest(behaviour='new', bootstrap=False, contamination=0.05,
    max_features=1.0, max_samples='auto', n_estimators=100, n_jobs=-1,
    random_state=7152, verbose=0), feature_name=None, fit_kwargs=None, groups=None, label=False, save=True, scale=1, system=True)
2021-04-27 19:28:30,903:INFO:Checking exceptions
2021-04-27 19:28:30,903:INFO:Preparing display monitor
2021-04-27 19:28:30,907:INFO:Preloading libraries
2021-04-27 19:28:30,918:INFO:Copying training dataset
2021-04-27 19:28:30,918:INFO:Plot type: tsne
2021-04-27 19:28:30,984:INFO:SubProcess assign_model() called ==================================
2021-04-27 19:28:30,984:INFO:Initializing assign_model()
2021-04-27 19:28:30,984:INFO:assign_model(model=IForest(behaviour='new', bootstrap=False, contamination=0.05,
    max_features=1.0, max_samples='auto', n_estimators=100, n_jobs=-1,
    random_state=7152, verbose=0), transformation=True, score=False, verbose=False)
2021-04-27 19:28:30,985:INFO:Checking exceptions
2021-04-27 19:28:30,985:INFO:Determining Trained Model
2021-04-27 19:28:30,985:INFO:Trained Model : Isolation Forest
2021-04-27 19:28:30,985:INFO:Copying data
2021-04-27 19:28:30,985:INFO:Transformation param set to True. Assigned clusters are attached on transformed dataset.
2021-04-27 19:28:30,985:INFO:(331, 2)
2021-04-27 19:28:30,985:INFO:assign_model() succesfully completed......................................
2021-04-27 19:28:30,986:INFO:SubProcess assign_model() end ==================================
2021-04-27 19:28:30,987:INFO:Getting dummies to cast categorical variables
2021-04-27 19:28:30,988:INFO:Fitting TSNE()
2021-04-27 19:28:35,768:INFO:Rendering Visual
2021-04-27 19:28:36,319:INFO:Saving 'Anomaly TSnE (3d).html' in current active directory
2021-04-27 19:28:36,319:INFO:Visual Rendered Successfully
2021-04-27 19:28:36,402:INFO:plot_model() succesfully completed......................................
