2021-04-28 10:51:17,141:INFO:PyCaret Supervised Module
2021-04-28 10:51:17,141:INFO:ML Usecase: anomaly
2021-04-28 10:51:17,142:INFO:version 2.3.0
2021-04-28 10:51:17,142:INFO:Initializing setup()
2021-04-28 10:51:17,142:INFO:setup(target=None, ml_usecase=anomaly, available_plots={'tsne': 'Anomaly TSnE (3d)', 'umap': 'UMAP Dimensionality'}, train_size=0.7, test_data=None, preprocess=True, imputation_type=simple, iterative_imputation_iters=5, categorical_features=None, categorical_imputation=mode, categorical_iterative_imputer=lightgbm, ordinal_features=None, high_cardinality_features=None, high_cardinality_method=frequency, numeric_features=None, numeric_imputation=mean, numeric_iterative_imputer=lightgbm, date_features=None, ignore_features=None, normalize=True, normalize_method=zscore, transformation=False, transformation_method=yeo-johnson, handle_unknown_categorical=True, unknown_categorical_method=least_frequent, pca=False, pca_method=linear, pca_components=None, ignore_low_variance=False, combine_rare_levels=False, rare_level_threshold=0.1, bin_numeric_features=None, remove_outliers=False, outliers_threshold=0.05, remove_multicollinearity=False, multicollinearity_threshold=0.9, remove_perfect_collinearity=False, create_clusters=False, cluster_iter=20, polynomial_features=False, polynomial_degree=2, trigonometry_features=False, polynomial_threshold=0.1, group_features=None, group_names=None, feature_selection=False, feature_selection_threshold=0.8, feature_selection_method=classic, feature_interaction=False, feature_ratio=False, interaction_threshold=0.01, fix_imbalance=False, fix_imbalance_method=None, transform_target=False, transform_target_method=box-cox, data_split_shuffle=False, data_split_stratify=False, fold_strategy=kfold, fold=10, fold_shuffle=False, fold_groups=None, n_jobs=-1, use_gpu=False, custom_pipeline=None, html=True, session_id=None, log_experiment=False, experiment_name=None, log_plots=False, log_profile=False, log_data=False, silent=False, verbose=True, profile=False, profile_kwargs=None, display=None)
2021-04-28 10:51:17,142:INFO:Checking environment
2021-04-28 10:51:17,142:INFO:python_version: 3.8.5
2021-04-28 10:51:17,142:INFO:python_build: ('default', 'Sep  3 2020 21:29:08')
2021-04-28 10:51:17,143:INFO:machine: AMD64
2021-04-28 10:51:17,143:INFO:platform: Windows-10-10.0.19041-SP0
2021-04-28 10:51:17,143:INFO:Memory: svmem(total=8471707648, available=3987533824, percent=52.9, used=4484173824, free=3987533824)
2021-04-28 10:51:17,143:INFO:Physical Core: 4
2021-04-28 10:51:17,143:INFO:Logical Core: 8
2021-04-28 10:51:17,143:INFO:Checking libraries
2021-04-28 10:51:17,143:INFO:pd==1.1.3
2021-04-28 10:51:17,143:INFO:numpy==1.19.5
2021-04-28 10:51:17,143:INFO:sklearn==0.23.2
2021-04-28 10:51:17,143:INFO:lightgbm==3.2.1
2021-04-28 10:51:17,144:WARNING:catboost not found
2021-04-28 10:51:17,144:WARNING:xgboost not found
2021-04-28 10:51:17,521:INFO:mlflow==1.15.0
2021-04-28 10:51:17,521:INFO:Checking Exceptions
2021-04-28 10:51:17,521:INFO:Declaring global variables
2021-04-28 10:51:17,521:INFO:USI: d20a
2021-04-28 10:51:17,521:INFO:pycaret_globals: {'experiment__', 'transform_target_param', '_gpu_n_jobs_param', '_available_plots', 'imputation_regressor', 'prep_pipe', 'logging_param', 'data_before_preprocess', 'X', 'n_jobs_param', '_all_models', 'stratify_param', 'log_plots_param', 'html_param', 'USI', 'imputation_classifier', 'fold_groups_param', 'fold_shuffle_param', 'seed', 'target_param', 'transform_target_method_param', 'create_model_container', 'master_model_container', 'exp_name_log', 'fix_imbalance_param', 'fix_imbalance_method_param', '_ml_usecase', '_all_metrics', 'gpu_param', '_internal_pipeline', 'iterative_imputation_iters_param', 'display_container', 'fold_param', 'fold_generator', 'pycaret_globals', '_all_models_internal'}
2021-04-28 10:51:17,521:INFO:Preparing display monitor
2021-04-28 10:51:17,521:INFO:Preparing display monitor
2021-04-28 10:51:17,528:INFO:Importing libraries
2021-04-28 10:51:17,529:INFO:Copying data for preprocessing
2021-04-28 10:51:17,531:INFO:Declaring preprocessing parameters
2021-04-28 10:51:17,533:INFO:Creating preprocessing pipeline
2021-04-28 10:51:17,536:INFO:Preprocessing pipeline created successfully
2021-04-28 10:51:17,536:ERROR:(Process Exit): setup has been interupted with user command 'quit'. setup must rerun.
2021-04-28 10:51:17,536:INFO:Creating global containers
2021-04-28 10:51:17,537:INFO:Internal pipeline: Pipeline(memory=None, steps=[('empty_step', 'passthrough')], verbose=False)
2021-04-28 10:51:32,472:INFO:Creating grid variables
2021-04-28 10:51:32,474:INFO:create_model_container: 0
2021-04-28 10:51:32,475:INFO:master_model_container: 0
2021-04-28 10:51:32,475:INFO:display_container: 1
2021-04-28 10:51:32,479:INFO:Pipeline(memory=None,
         steps=[('dtypes',
                 DataTypes_Auto_infer(categorical_features=[],
                                      display_types=True, features_todrop=[],
                                      id_columns=[], ml_usecase='regression',
                                      numerical_features=[],
                                      target='UNSUPERVISED_DUMMY_TARGET',
                                      time_features=[])),
                ('imputer',
                 Simple_Imputer(categorical_strategy='most frequent',
                                fill_value_categorical=None,
                                fill_value_numerical=None...
                ('P_transform', 'passthrough'), ('binn', 'passthrough'),
                ('rem_outliers', 'passthrough'), ('cluster_all', 'passthrough'),
                ('dummy', Dummify(target='UNSUPERVISED_DUMMY_TARGET')),
                ('fix_perfect', 'passthrough'),
                ('clean_names', Clean_Colum_Names()),
                ('feature_select', 'passthrough'), ('fix_multi', 'passthrough'),
                ('dfs', 'passthrough'), ('pca', 'passthrough')],
         verbose=False)
2021-04-28 10:51:32,479:INFO:setup() succesfully completed......................................
2021-04-28 10:51:32,552:INFO:Initializing create_model()
2021-04-28 10:51:32,552:INFO:create_model(estimator=iforest, num_clusters=4, fraction=0.05, ground_truth=None, round=4, fit_kwargs=None, verbose=True, system=True, raise_num_clusters=False, display=None, kwargs={})
2021-04-28 10:51:32,552:INFO:Checking exceptions
2021-04-28 10:51:32,552:INFO:Preparing display monitor
2021-04-28 10:51:32,561:INFO:Importing libraries
2021-04-28 10:51:32,571:INFO:Importing untrained model
2021-04-28 10:51:32,581:INFO:Isolation Forest Imported succesfully
2021-04-28 10:51:32,591:INFO:Fitting Model
2021-04-28 10:51:33,002:INFO:IForest(behaviour='new', bootstrap=False, contamination=0.05,
    max_features=1.0, max_samples='auto', n_estimators=100, n_jobs=-1,
    random_state=4395, verbose=0)
2021-04-28 10:51:33,002:INFO:create_models() succesfully completed......................................
2021-04-28 10:51:33,002:INFO:Uploading results into container
2021-04-28 10:51:33,003:INFO:Uploading model into container now
2021-04-28 10:51:33,003:INFO:create_model_container: 1
2021-04-28 10:51:33,003:INFO:master_model_container: 1
2021-04-28 10:51:33,003:INFO:display_container: 2
2021-04-28 10:51:33,003:INFO:IForest(behaviour='new', bootstrap=False, contamination=0.05,
    max_features=1.0, max_samples='auto', n_estimators=100, n_jobs=-1,
    random_state=4395, verbose=0)
2021-04-28 10:51:33,003:INFO:create_model() succesfully completed......................................
2021-04-28 10:51:33,069:INFO:Initializing create_model()
2021-04-28 10:51:33,070:INFO:create_model(estimator=svm, num_clusters=4, fraction=0.025, ground_truth=None, round=4, fit_kwargs=None, verbose=True, system=True, raise_num_clusters=False, display=None, kwargs={})
2021-04-28 10:51:33,070:INFO:Checking exceptions
2021-04-28 10:51:33,070:INFO:Preparing display monitor
2021-04-28 10:51:33,080:INFO:Importing libraries
2021-04-28 10:51:33,088:INFO:Importing untrained model
2021-04-28 10:51:33,098:INFO:One-class SVM detector Imported succesfully
2021-04-28 10:51:33,107:INFO:Fitting Model
2021-04-28 10:51:33,112:INFO:OCSVM(cache_size=200, coef0=0.0, contamination=0.025, degree=3, gamma='auto',
   kernel='rbf', max_iter=-1, nu=0.5, shrinking=True, tol=0.001,
   verbose=False)
2021-04-28 10:51:33,112:INFO:create_models() succesfully completed......................................
2021-04-28 10:51:33,112:INFO:Uploading results into container
2021-04-28 10:51:33,112:INFO:Uploading model into container now
2021-04-28 10:51:33,113:INFO:create_model_container: 2
2021-04-28 10:51:33,113:INFO:master_model_container: 2
2021-04-28 10:51:33,113:INFO:display_container: 3
2021-04-28 10:51:33,113:INFO:OCSVM(cache_size=200, coef0=0.0, contamination=0.025, degree=3, gamma='auto',
   kernel='rbf', max_iter=-1, nu=0.5, shrinking=True, tol=0.001,
   verbose=False)
2021-04-28 10:51:33,113:INFO:create_model() succesfully completed......................................
2021-04-28 10:51:33,189:INFO:Initializing assign_model()
2021-04-28 10:51:33,190:INFO:assign_model(model=IForest(behaviour='new', bootstrap=False, contamination=0.05,
    max_features=1.0, max_samples='auto', n_estimators=100, n_jobs=-1,
    random_state=4395, verbose=0), transformation=False, score=True, verbose=True)
2021-04-28 10:51:33,190:INFO:Checking exceptions
2021-04-28 10:51:33,190:INFO:Determining Trained Model
2021-04-28 10:51:33,190:INFO:Trained Model : Isolation Forest
2021-04-28 10:51:33,190:INFO:Copying data
2021-04-28 10:51:33,191:INFO:(251, 3)
2021-04-28 10:51:33,191:INFO:assign_model() succesfully completed......................................
2021-04-28 10:51:33,191:INFO:Initializing plot_model()
2021-04-28 10:51:33,191:INFO:plot_model(plot=tsne, fold=None, use_train_data=False, verbose=True, is_in_evaluate=False, display=None, display_format=None, estimator=IForest(behaviour='new', bootstrap=False, contamination=0.05,
    max_features=1.0, max_samples='auto', n_estimators=100, n_jobs=-1,
    random_state=4395, verbose=0), feature_name=None, fit_kwargs=None, groups=None, label=False, save=True, scale=1, system=True)
2021-04-28 10:51:33,191:INFO:Checking exceptions
2021-04-28 10:51:33,191:INFO:Preparing display monitor
2021-04-28 10:51:33,195:INFO:Preloading libraries
2021-04-28 10:51:33,204:INFO:Copying training dataset
2021-04-28 10:51:33,204:INFO:Plot type: tsne
2021-04-28 10:51:33,279:INFO:SubProcess assign_model() called ==================================
2021-04-28 10:51:33,279:INFO:Initializing assign_model()
2021-04-28 10:51:33,279:INFO:assign_model(model=IForest(behaviour='new', bootstrap=False, contamination=0.05,
    max_features=1.0, max_samples='auto', n_estimators=100, n_jobs=-1,
    random_state=4395, verbose=0), transformation=True, score=False, verbose=False)
2021-04-28 10:51:33,279:INFO:Checking exceptions
2021-04-28 10:51:33,279:INFO:Determining Trained Model
2021-04-28 10:51:33,279:INFO:Trained Model : Isolation Forest
2021-04-28 10:51:33,280:INFO:Copying data
2021-04-28 10:51:33,280:INFO:Transformation param set to True. Assigned clusters are attached on transformed dataset.
2021-04-28 10:51:33,280:INFO:(251, 2)
2021-04-28 10:51:33,280:INFO:assign_model() succesfully completed......................................
2021-04-28 10:51:33,280:INFO:SubProcess assign_model() end ==================================
2021-04-28 10:51:33,282:INFO:Getting dummies to cast categorical variables
2021-04-28 10:51:33,282:INFO:Fitting TSNE()
2021-04-28 10:51:35,024:INFO:Rendering Visual
2021-04-28 10:51:35,491:INFO:Saving 'Anomaly TSnE (3d).html' in current active directory
2021-04-28 10:51:35,492:INFO:Visual Rendered Successfully
2021-04-28 10:51:35,556:INFO:plot_model() succesfully completed......................................
2021-04-28 10:53:18,687:INFO:PyCaret Supervised Module
2021-04-28 10:53:18,687:INFO:ML Usecase: anomaly
2021-04-28 10:53:18,687:INFO:version 2.3.0
2021-04-28 10:53:18,687:INFO:Initializing setup()
2021-04-28 10:53:18,687:INFO:setup(target=None, ml_usecase=anomaly, available_plots={'tsne': 'Anomaly TSnE (3d)', 'umap': 'UMAP Dimensionality'}, train_size=0.7, test_data=None, preprocess=True, imputation_type=simple, iterative_imputation_iters=5, categorical_features=None, categorical_imputation=mode, categorical_iterative_imputer=lightgbm, ordinal_features=None, high_cardinality_features=None, high_cardinality_method=frequency, numeric_features=None, numeric_imputation=mean, numeric_iterative_imputer=lightgbm, date_features=None, ignore_features=None, normalize=True, normalize_method=zscore, transformation=False, transformation_method=yeo-johnson, handle_unknown_categorical=True, unknown_categorical_method=least_frequent, pca=False, pca_method=linear, pca_components=None, ignore_low_variance=False, combine_rare_levels=False, rare_level_threshold=0.1, bin_numeric_features=None, remove_outliers=False, outliers_threshold=0.05, remove_multicollinearity=False, multicollinearity_threshold=0.9, remove_perfect_collinearity=False, create_clusters=False, cluster_iter=20, polynomial_features=False, polynomial_degree=2, trigonometry_features=False, polynomial_threshold=0.1, group_features=None, group_names=None, feature_selection=False, feature_selection_threshold=0.8, feature_selection_method=classic, feature_interaction=False, feature_ratio=False, interaction_threshold=0.01, fix_imbalance=False, fix_imbalance_method=None, transform_target=False, transform_target_method=box-cox, data_split_shuffle=False, data_split_stratify=False, fold_strategy=kfold, fold=10, fold_shuffle=False, fold_groups=None, n_jobs=-1, use_gpu=False, custom_pipeline=None, html=True, session_id=None, log_experiment=False, experiment_name=None, log_plots=False, log_profile=False, log_data=False, silent=False, verbose=True, profile=False, profile_kwargs=None, display=None)
2021-04-28 10:53:18,688:INFO:Checking environment
2021-04-28 10:53:18,688:INFO:python_version: 3.8.5
2021-04-28 10:53:18,688:INFO:python_build: ('default', 'Sep  3 2020 21:29:08')
2021-04-28 10:53:18,688:INFO:machine: AMD64
2021-04-28 10:53:18,688:INFO:platform: Windows-10-10.0.19041-SP0
2021-04-28 10:53:18,688:INFO:Memory: svmem(total=8471707648, available=3917705216, percent=53.8, used=4554002432, free=3917705216)
2021-04-28 10:53:18,688:INFO:Physical Core: 4
2021-04-28 10:53:18,688:INFO:Logical Core: 8
2021-04-28 10:53:18,688:INFO:Checking libraries
2021-04-28 10:53:18,688:INFO:pd==1.1.3
2021-04-28 10:53:18,688:INFO:numpy==1.19.5
2021-04-28 10:53:18,688:INFO:sklearn==0.23.2
2021-04-28 10:53:18,688:INFO:lightgbm==3.2.1
2021-04-28 10:53:18,689:WARNING:catboost not found
2021-04-28 10:53:18,689:WARNING:xgboost not found
2021-04-28 10:53:19,062:INFO:mlflow==1.15.0
2021-04-28 10:53:19,062:INFO:Checking Exceptions
2021-04-28 10:53:19,063:INFO:Declaring global variables
2021-04-28 10:53:19,063:INFO:USI: 7ab2
2021-04-28 10:53:19,063:INFO:pycaret_globals: {'log_plots_param', '_all_models_internal', '_gpu_n_jobs_param', 'data_before_preprocess', 'target_param', 'fold_param', 'fold_shuffle_param', 'html_param', 'USI', 'experiment__', 'create_model_container', '_all_metrics', 'logging_param', '_ml_usecase', 'fold_generator', 'fold_groups_param', 'gpu_param', 'prep_pipe', 'X', 'stratify_param', 'display_container', 'iterative_imputation_iters_param', 'master_model_container', 'seed', '_available_plots', 'fix_imbalance_param', '_all_models', 'pycaret_globals', 'transform_target_method_param', '_internal_pipeline', 'fix_imbalance_method_param', 'n_jobs_param', 'exp_name_log', 'imputation_regressor', 'imputation_classifier', 'transform_target_param'}
2021-04-28 10:53:19,063:INFO:Preparing display monitor
2021-04-28 10:53:19,063:INFO:Preparing display monitor
2021-04-28 10:53:19,070:INFO:Importing libraries
2021-04-28 10:53:19,071:INFO:Copying data for preprocessing
2021-04-28 10:53:19,074:INFO:Declaring preprocessing parameters
2021-04-28 10:53:19,076:INFO:Creating preprocessing pipeline
2021-04-28 10:53:19,080:INFO:Preprocessing pipeline created successfully
2021-04-28 10:53:19,080:ERROR:(Process Exit): setup has been interupted with user command 'quit'. setup must rerun.
2021-04-28 10:53:19,081:INFO:Creating global containers
2021-04-28 10:53:19,081:INFO:Internal pipeline: Pipeline(memory=None, steps=[('empty_step', 'passthrough')], verbose=False)
2021-04-28 10:53:30,418:INFO:Creating grid variables
2021-04-28 10:53:30,421:INFO:create_model_container: 0
2021-04-28 10:53:30,421:INFO:master_model_container: 0
2021-04-28 10:53:30,421:INFO:display_container: 1
2021-04-28 10:53:30,426:INFO:Pipeline(memory=None,
         steps=[('dtypes',
                 DataTypes_Auto_infer(categorical_features=[],
                                      display_types=True, features_todrop=[],
                                      id_columns=[], ml_usecase='regression',
                                      numerical_features=[],
                                      target='UNSUPERVISED_DUMMY_TARGET',
                                      time_features=[])),
                ('imputer',
                 Simple_Imputer(categorical_strategy='most frequent',
                                fill_value_categorical=None,
                                fill_value_numerical=None...
                ('P_transform', 'passthrough'), ('binn', 'passthrough'),
                ('rem_outliers', 'passthrough'), ('cluster_all', 'passthrough'),
                ('dummy', Dummify(target='UNSUPERVISED_DUMMY_TARGET')),
                ('fix_perfect', 'passthrough'),
                ('clean_names', Clean_Colum_Names()),
                ('feature_select', 'passthrough'), ('fix_multi', 'passthrough'),
                ('dfs', 'passthrough'), ('pca', 'passthrough')],
         verbose=False)
2021-04-28 10:53:30,426:INFO:setup() succesfully completed......................................
2021-04-28 10:53:30,494:INFO:Initializing create_model()
2021-04-28 10:53:30,494:INFO:create_model(estimator=iforest, num_clusters=4, fraction=0.05, ground_truth=None, round=4, fit_kwargs=None, verbose=True, system=True, raise_num_clusters=False, display=None, kwargs={})
2021-04-28 10:53:30,494:INFO:Checking exceptions
2021-04-28 10:53:30,494:INFO:Preparing display monitor
2021-04-28 10:53:30,503:INFO:Importing libraries
2021-04-28 10:53:30,512:INFO:Importing untrained model
2021-04-28 10:53:30,521:INFO:Isolation Forest Imported succesfully
2021-04-28 10:53:30,529:INFO:Fitting Model
2021-04-28 10:53:30,909:INFO:IForest(behaviour='new', bootstrap=False, contamination=0.05,
    max_features=1.0, max_samples='auto', n_estimators=100, n_jobs=-1,
    random_state=228, verbose=0)
2021-04-28 10:53:30,909:INFO:create_models() succesfully completed......................................
2021-04-28 10:53:30,909:INFO:Uploading results into container
2021-04-28 10:53:30,909:INFO:Uploading model into container now
2021-04-28 10:53:30,910:INFO:create_model_container: 1
2021-04-28 10:53:30,910:INFO:master_model_container: 1
2021-04-28 10:53:30,911:INFO:display_container: 2
2021-04-28 10:53:30,911:INFO:IForest(behaviour='new', bootstrap=False, contamination=0.05,
    max_features=1.0, max_samples='auto', n_estimators=100, n_jobs=-1,
    random_state=228, verbose=0)
2021-04-28 10:53:30,911:INFO:create_model() succesfully completed......................................
2021-04-28 10:53:30,976:INFO:Initializing create_model()
2021-04-28 10:53:30,976:INFO:create_model(estimator=svm, num_clusters=4, fraction=0.025, ground_truth=None, round=4, fit_kwargs=None, verbose=True, system=True, raise_num_clusters=False, display=None, kwargs={})
2021-04-28 10:53:30,977:INFO:Checking exceptions
2021-04-28 10:53:30,977:INFO:Preparing display monitor
2021-04-28 10:53:30,986:INFO:Importing libraries
2021-04-28 10:53:30,995:INFO:Importing untrained model
2021-04-28 10:53:31,003:INFO:One-class SVM detector Imported succesfully
2021-04-28 10:53:31,013:INFO:Fitting Model
2021-04-28 10:53:31,018:INFO:OCSVM(cache_size=200, coef0=0.0, contamination=0.025, degree=3, gamma='auto',
   kernel='rbf', max_iter=-1, nu=0.5, shrinking=True, tol=0.001,
   verbose=False)
2021-04-28 10:53:31,018:INFO:create_models() succesfully completed......................................
2021-04-28 10:53:31,018:INFO:Uploading results into container
2021-04-28 10:53:31,019:INFO:Uploading model into container now
2021-04-28 10:53:31,019:INFO:create_model_container: 2
2021-04-28 10:53:31,019:INFO:master_model_container: 2
2021-04-28 10:53:31,019:INFO:display_container: 3
2021-04-28 10:53:31,020:INFO:OCSVM(cache_size=200, coef0=0.0, contamination=0.025, degree=3, gamma='auto',
   kernel='rbf', max_iter=-1, nu=0.5, shrinking=True, tol=0.001,
   verbose=False)
2021-04-28 10:53:31,020:INFO:create_model() succesfully completed......................................
2021-04-28 10:53:31,091:INFO:Initializing assign_model()
2021-04-28 10:53:31,091:INFO:assign_model(model=IForest(behaviour='new', bootstrap=False, contamination=0.05,
    max_features=1.0, max_samples='auto', n_estimators=100, n_jobs=-1,
    random_state=228, verbose=0), transformation=False, score=True, verbose=True)
2021-04-28 10:53:31,091:INFO:Checking exceptions
2021-04-28 10:53:31,091:INFO:Determining Trained Model
2021-04-28 10:53:31,091:INFO:Trained Model : Isolation Forest
2021-04-28 10:53:31,091:INFO:Copying data
2021-04-28 10:53:31,092:INFO:(251, 3)
2021-04-28 10:53:31,092:INFO:assign_model() succesfully completed......................................
2021-04-28 10:53:31,092:INFO:Initializing plot_model()
2021-04-28 10:53:31,092:INFO:plot_model(plot=tsne, fold=None, use_train_data=False, verbose=True, is_in_evaluate=False, display=None, display_format=None, estimator=IForest(behaviour='new', bootstrap=False, contamination=0.05,
    max_features=1.0, max_samples='auto', n_estimators=100, n_jobs=-1,
    random_state=228, verbose=0), feature_name=None, fit_kwargs=None, groups=None, label=False, save=True, scale=1, system=True)
2021-04-28 10:53:31,093:INFO:Checking exceptions
2021-04-28 10:53:31,093:INFO:Preparing display monitor
2021-04-28 10:53:31,096:INFO:Preloading libraries
2021-04-28 10:53:31,106:INFO:Copying training dataset
2021-04-28 10:53:31,106:INFO:Plot type: tsne
2021-04-28 10:53:31,186:INFO:SubProcess assign_model() called ==================================
2021-04-28 10:53:31,186:INFO:Initializing assign_model()
2021-04-28 10:53:31,186:INFO:assign_model(model=IForest(behaviour='new', bootstrap=False, contamination=0.05,
    max_features=1.0, max_samples='auto', n_estimators=100, n_jobs=-1,
    random_state=228, verbose=0), transformation=True, score=False, verbose=False)
2021-04-28 10:53:31,186:INFO:Checking exceptions
2021-04-28 10:53:31,186:INFO:Determining Trained Model
2021-04-28 10:53:31,187:INFO:Trained Model : Isolation Forest
2021-04-28 10:53:31,187:INFO:Copying data
2021-04-28 10:53:31,187:INFO:Transformation param set to True. Assigned clusters are attached on transformed dataset.
2021-04-28 10:53:31,187:INFO:(251, 2)
2021-04-28 10:53:31,187:INFO:assign_model() succesfully completed......................................
2021-04-28 10:53:31,188:INFO:SubProcess assign_model() end ==================================
2021-04-28 10:53:31,189:INFO:Getting dummies to cast categorical variables
2021-04-28 10:53:31,189:INFO:Fitting TSNE()
2021-04-28 10:53:32,952:INFO:Rendering Visual
2021-04-28 10:53:33,410:INFO:Saving 'Anomaly TSnE (3d).html' in current active directory
2021-04-28 10:53:33,410:INFO:Visual Rendered Successfully
2021-04-28 10:53:33,476:INFO:plot_model() succesfully completed......................................
2021-04-28 10:54:03,047:INFO:PyCaret Supervised Module
2021-04-28 10:54:03,047:INFO:ML Usecase: anomaly
2021-04-28 10:54:03,047:INFO:version 2.3.0
2021-04-28 10:54:03,047:INFO:Initializing setup()
2021-04-28 10:54:03,047:INFO:setup(target=None, ml_usecase=anomaly, available_plots={'tsne': 'Anomaly TSnE (3d)', 'umap': 'UMAP Dimensionality'}, train_size=0.7, test_data=None, preprocess=True, imputation_type=simple, iterative_imputation_iters=5, categorical_features=None, categorical_imputation=mode, categorical_iterative_imputer=lightgbm, ordinal_features=None, high_cardinality_features=None, high_cardinality_method=frequency, numeric_features=None, numeric_imputation=mean, numeric_iterative_imputer=lightgbm, date_features=None, ignore_features=None, normalize=True, normalize_method=zscore, transformation=False, transformation_method=yeo-johnson, handle_unknown_categorical=True, unknown_categorical_method=least_frequent, pca=False, pca_method=linear, pca_components=None, ignore_low_variance=False, combine_rare_levels=False, rare_level_threshold=0.1, bin_numeric_features=None, remove_outliers=False, outliers_threshold=0.05, remove_multicollinearity=False, multicollinearity_threshold=0.9, remove_perfect_collinearity=False, create_clusters=False, cluster_iter=20, polynomial_features=False, polynomial_degree=2, trigonometry_features=False, polynomial_threshold=0.1, group_features=None, group_names=None, feature_selection=False, feature_selection_threshold=0.8, feature_selection_method=classic, feature_interaction=False, feature_ratio=False, interaction_threshold=0.01, fix_imbalance=False, fix_imbalance_method=None, transform_target=False, transform_target_method=box-cox, data_split_shuffle=False, data_split_stratify=False, fold_strategy=kfold, fold=10, fold_shuffle=False, fold_groups=None, n_jobs=-1, use_gpu=False, custom_pipeline=None, html=True, session_id=None, log_experiment=False, experiment_name=None, log_plots=False, log_profile=False, log_data=False, silent=False, verbose=True, profile=False, profile_kwargs=None, display=None)
2021-04-28 10:54:03,047:INFO:Checking environment
2021-04-28 10:54:03,047:INFO:python_version: 3.8.5
2021-04-28 10:54:03,047:INFO:python_build: ('default', 'Sep  3 2020 21:29:08')
2021-04-28 10:54:03,047:INFO:machine: AMD64
2021-04-28 10:54:03,048:INFO:platform: Windows-10-10.0.19041-SP0
2021-04-28 10:54:03,048:INFO:Memory: svmem(total=8471707648, available=3937325056, percent=53.5, used=4534382592, free=3937325056)
2021-04-28 10:54:03,048:INFO:Physical Core: 4
2021-04-28 10:54:03,048:INFO:Logical Core: 8
2021-04-28 10:54:03,048:INFO:Checking libraries
2021-04-28 10:54:03,048:INFO:pd==1.1.3
2021-04-28 10:54:03,048:INFO:numpy==1.19.5
2021-04-28 10:54:03,048:INFO:sklearn==0.23.2
2021-04-28 10:54:03,048:INFO:lightgbm==3.2.1
2021-04-28 10:54:03,049:WARNING:catboost not found
2021-04-28 10:54:03,049:WARNING:xgboost not found
2021-04-28 10:54:03,426:INFO:mlflow==1.15.0
2021-04-28 10:54:03,427:INFO:Checking Exceptions
2021-04-28 10:54:03,427:INFO:Declaring global variables
2021-04-28 10:54:03,427:INFO:USI: 28e4
2021-04-28 10:54:03,427:INFO:pycaret_globals: {'fold_shuffle_param', 'fix_imbalance_param', '_available_plots', 'seed', '_all_models', 'USI', 'prep_pipe', 'log_plots_param', 'data_before_preprocess', 'create_model_container', 'fold_generator', 'n_jobs_param', 'gpu_param', 'target_param', 'fold_param', '_ml_usecase', 'pycaret_globals', 'stratify_param', 'display_container', '_internal_pipeline', '_gpu_n_jobs_param', 'master_model_container', 'fold_groups_param', 'exp_name_log', 'experiment__', 'imputation_regressor', 'logging_param', 'fix_imbalance_method_param', 'X', 'imputation_classifier', 'transform_target_param', '_all_metrics', 'transform_target_method_param', 'html_param', 'iterative_imputation_iters_param', '_all_models_internal'}
2021-04-28 10:54:03,427:INFO:Preparing display monitor
2021-04-28 10:54:03,427:INFO:Preparing display monitor
2021-04-28 10:54:03,435:INFO:Importing libraries
2021-04-28 10:54:03,435:INFO:Copying data for preprocessing
2021-04-28 10:54:03,438:INFO:Declaring preprocessing parameters
2021-04-28 10:54:03,439:INFO:Creating preprocessing pipeline
2021-04-28 10:54:03,442:INFO:Preprocessing pipeline created successfully
2021-04-28 10:54:03,442:ERROR:(Process Exit): setup has been interupted with user command 'quit'. setup must rerun.
2021-04-28 10:54:03,442:INFO:Creating global containers
2021-04-28 10:54:03,442:INFO:Internal pipeline: Pipeline(memory=None, steps=[('empty_step', 'passthrough')], verbose=False)
2021-04-28 10:54:06,114:INFO:Creating grid variables
2021-04-28 10:54:06,116:INFO:create_model_container: 0
2021-04-28 10:54:06,117:INFO:master_model_container: 0
2021-04-28 10:54:06,117:INFO:display_container: 1
2021-04-28 10:54:06,122:INFO:Pipeline(memory=None,
         steps=[('dtypes',
                 DataTypes_Auto_infer(categorical_features=[],
                                      display_types=True, features_todrop=[],
                                      id_columns=[], ml_usecase='regression',
                                      numerical_features=[],
                                      target='UNSUPERVISED_DUMMY_TARGET',
                                      time_features=[])),
                ('imputer',
                 Simple_Imputer(categorical_strategy='most frequent',
                                fill_value_categorical=None,
                                fill_value_numerical=None...
                ('P_transform', 'passthrough'), ('binn', 'passthrough'),
                ('rem_outliers', 'passthrough'), ('cluster_all', 'passthrough'),
                ('dummy', Dummify(target='UNSUPERVISED_DUMMY_TARGET')),
                ('fix_perfect', 'passthrough'),
                ('clean_names', Clean_Colum_Names()),
                ('feature_select', 'passthrough'), ('fix_multi', 'passthrough'),
                ('dfs', 'passthrough'), ('pca', 'passthrough')],
         verbose=False)
2021-04-28 10:54:06,122:INFO:setup() succesfully completed......................................
2021-04-28 10:54:06,191:INFO:Initializing create_model()
2021-04-28 10:54:06,191:INFO:create_model(estimator=iforest, num_clusters=4, fraction=0.05, ground_truth=None, round=4, fit_kwargs=None, verbose=True, system=True, raise_num_clusters=False, display=None, kwargs={})
2021-04-28 10:54:06,192:INFO:Checking exceptions
2021-04-28 10:54:06,192:INFO:Preparing display monitor
2021-04-28 10:54:06,201:INFO:Importing libraries
2021-04-28 10:54:06,209:INFO:Importing untrained model
2021-04-28 10:54:06,221:INFO:Isolation Forest Imported succesfully
2021-04-28 10:54:06,237:INFO:Fitting Model
2021-04-28 10:54:06,649:INFO:IForest(behaviour='new', bootstrap=False, contamination=0.05,
    max_features=1.0, max_samples='auto', n_estimators=100, n_jobs=-1,
    random_state=6639, verbose=0)
2021-04-28 10:54:06,649:INFO:create_models() succesfully completed......................................
2021-04-28 10:54:06,649:INFO:Uploading results into container
2021-04-28 10:54:06,650:INFO:Uploading model into container now
2021-04-28 10:54:06,650:INFO:create_model_container: 1
2021-04-28 10:54:06,650:INFO:master_model_container: 1
2021-04-28 10:54:06,650:INFO:display_container: 2
2021-04-28 10:54:06,651:INFO:IForest(behaviour='new', bootstrap=False, contamination=0.05,
    max_features=1.0, max_samples='auto', n_estimators=100, n_jobs=-1,
    random_state=6639, verbose=0)
2021-04-28 10:54:06,651:INFO:create_model() succesfully completed......................................
2021-04-28 10:54:06,717:INFO:Initializing create_model()
2021-04-28 10:54:06,717:INFO:create_model(estimator=svm, num_clusters=4, fraction=0.025, ground_truth=None, round=4, fit_kwargs=None, verbose=True, system=True, raise_num_clusters=False, display=None, kwargs={})
2021-04-28 10:54:06,717:INFO:Checking exceptions
2021-04-28 10:54:06,717:INFO:Preparing display monitor
2021-04-28 10:54:06,727:INFO:Importing libraries
2021-04-28 10:54:06,736:INFO:Importing untrained model
2021-04-28 10:54:06,745:INFO:One-class SVM detector Imported succesfully
2021-04-28 10:54:06,755:INFO:Fitting Model
2021-04-28 10:54:06,760:INFO:OCSVM(cache_size=200, coef0=0.0, contamination=0.025, degree=3, gamma='auto',
   kernel='rbf', max_iter=-1, nu=0.5, shrinking=True, tol=0.001,
   verbose=False)
2021-04-28 10:54:06,760:INFO:create_models() succesfully completed......................................
2021-04-28 10:54:06,760:INFO:Uploading results into container
2021-04-28 10:54:06,760:INFO:Uploading model into container now
2021-04-28 10:54:06,761:INFO:create_model_container: 2
2021-04-28 10:54:06,761:INFO:master_model_container: 2
2021-04-28 10:54:06,761:INFO:display_container: 3
2021-04-28 10:54:06,761:INFO:OCSVM(cache_size=200, coef0=0.0, contamination=0.025, degree=3, gamma='auto',
   kernel='rbf', max_iter=-1, nu=0.5, shrinking=True, tol=0.001,
   verbose=False)
2021-04-28 10:54:06,761:INFO:create_model() succesfully completed......................................
2021-04-28 10:54:06,837:INFO:Initializing assign_model()
2021-04-28 10:54:06,838:INFO:assign_model(model=IForest(behaviour='new', bootstrap=False, contamination=0.05,
    max_features=1.0, max_samples='auto', n_estimators=100, n_jobs=-1,
    random_state=6639, verbose=0), transformation=False, score=True, verbose=True)
2021-04-28 10:54:06,838:INFO:Checking exceptions
2021-04-28 10:54:06,838:INFO:Determining Trained Model
2021-04-28 10:54:06,838:INFO:Trained Model : Isolation Forest
2021-04-28 10:54:06,838:INFO:Copying data
2021-04-28 10:54:06,839:INFO:(251, 3)
2021-04-28 10:54:06,839:INFO:assign_model() succesfully completed......................................
2021-04-28 10:54:06,839:INFO:Initializing plot_model()
2021-04-28 10:54:06,839:INFO:plot_model(plot=tsne, fold=None, use_train_data=False, verbose=True, is_in_evaluate=False, display=None, display_format=None, estimator=IForest(behaviour='new', bootstrap=False, contamination=0.05,
    max_features=1.0, max_samples='auto', n_estimators=100, n_jobs=-1,
    random_state=6639, verbose=0), feature_name=None, fit_kwargs=None, groups=None, label=False, save=True, scale=1, system=True)
2021-04-28 10:54:06,839:INFO:Checking exceptions
2021-04-28 10:54:06,840:INFO:Preparing display monitor
2021-04-28 10:54:06,843:INFO:Preloading libraries
2021-04-28 10:54:06,851:INFO:Copying training dataset
2021-04-28 10:54:06,852:INFO:Plot type: tsne
2021-04-28 10:54:06,926:INFO:SubProcess assign_model() called ==================================
2021-04-28 10:54:06,926:INFO:Initializing assign_model()
2021-04-28 10:54:06,926:INFO:assign_model(model=IForest(behaviour='new', bootstrap=False, contamination=0.05,
    max_features=1.0, max_samples='auto', n_estimators=100, n_jobs=-1,
    random_state=6639, verbose=0), transformation=True, score=False, verbose=False)
2021-04-28 10:54:06,926:INFO:Checking exceptions
2021-04-28 10:54:06,926:INFO:Determining Trained Model
2021-04-28 10:54:06,926:INFO:Trained Model : Isolation Forest
2021-04-28 10:54:06,926:INFO:Copying data
2021-04-28 10:54:06,927:INFO:Transformation param set to True. Assigned clusters are attached on transformed dataset.
2021-04-28 10:54:06,927:INFO:(251, 2)
2021-04-28 10:54:06,927:INFO:assign_model() succesfully completed......................................
2021-04-28 10:54:06,927:INFO:SubProcess assign_model() end ==================================
2021-04-28 10:54:06,929:INFO:Getting dummies to cast categorical variables
2021-04-28 10:54:06,929:INFO:Fitting TSNE()
2021-04-28 10:54:08,674:INFO:Rendering Visual
2021-04-28 10:54:09,134:INFO:Saving 'Anomaly TSnE (3d).html' in current active directory
2021-04-28 10:54:09,134:INFO:Visual Rendered Successfully
2021-04-28 10:54:09,200:INFO:plot_model() succesfully completed......................................
2021-04-28 10:54:45,257:INFO:PyCaret Supervised Module
2021-04-28 10:54:45,257:INFO:ML Usecase: anomaly
2021-04-28 10:54:45,257:INFO:version 2.3.0
2021-04-28 10:54:45,257:INFO:Initializing setup()
2021-04-28 10:54:45,257:INFO:setup(target=None, ml_usecase=anomaly, available_plots={'tsne': 'Anomaly TSnE (3d)', 'umap': 'UMAP Dimensionality'}, train_size=0.7, test_data=None, preprocess=True, imputation_type=simple, iterative_imputation_iters=5, categorical_features=None, categorical_imputation=mode, categorical_iterative_imputer=lightgbm, ordinal_features=None, high_cardinality_features=None, high_cardinality_method=frequency, numeric_features=None, numeric_imputation=mean, numeric_iterative_imputer=lightgbm, date_features=None, ignore_features=None, normalize=True, normalize_method=zscore, transformation=False, transformation_method=yeo-johnson, handle_unknown_categorical=True, unknown_categorical_method=least_frequent, pca=False, pca_method=linear, pca_components=None, ignore_low_variance=False, combine_rare_levels=False, rare_level_threshold=0.1, bin_numeric_features=None, remove_outliers=False, outliers_threshold=0.05, remove_multicollinearity=False, multicollinearity_threshold=0.9, remove_perfect_collinearity=False, create_clusters=False, cluster_iter=20, polynomial_features=False, polynomial_degree=2, trigonometry_features=False, polynomial_threshold=0.1, group_features=None, group_names=None, feature_selection=False, feature_selection_threshold=0.8, feature_selection_method=classic, feature_interaction=False, feature_ratio=False, interaction_threshold=0.01, fix_imbalance=False, fix_imbalance_method=None, transform_target=False, transform_target_method=box-cox, data_split_shuffle=False, data_split_stratify=False, fold_strategy=kfold, fold=10, fold_shuffle=False, fold_groups=None, n_jobs=-1, use_gpu=False, custom_pipeline=None, html=True, session_id=None, log_experiment=False, experiment_name=None, log_plots=False, log_profile=False, log_data=False, silent=False, verbose=True, profile=False, profile_kwargs=None, display=None)
2021-04-28 10:54:45,257:INFO:Checking environment
2021-04-28 10:54:45,257:INFO:python_version: 3.8.5
2021-04-28 10:54:45,257:INFO:python_build: ('default', 'Sep  3 2020 21:29:08')
2021-04-28 10:54:45,257:INFO:machine: AMD64
2021-04-28 10:54:45,258:INFO:platform: Windows-10-10.0.19041-SP0
2021-04-28 10:54:45,258:INFO:Memory: svmem(total=8471707648, available=3953225728, percent=53.3, used=4518481920, free=3953225728)
2021-04-28 10:54:45,258:INFO:Physical Core: 4
2021-04-28 10:54:45,258:INFO:Logical Core: 8
2021-04-28 10:54:45,258:INFO:Checking libraries
2021-04-28 10:54:45,258:INFO:pd==1.1.3
2021-04-28 10:54:45,258:INFO:numpy==1.19.5
2021-04-28 10:54:45,258:INFO:sklearn==0.23.2
2021-04-28 10:54:45,258:INFO:lightgbm==3.2.1
2021-04-28 10:54:45,259:WARNING:catboost not found
2021-04-28 10:54:45,259:WARNING:xgboost not found
2021-04-28 10:54:45,636:INFO:mlflow==1.15.0
2021-04-28 10:54:45,637:INFO:Checking Exceptions
2021-04-28 10:54:45,637:INFO:Declaring global variables
2021-04-28 10:54:45,637:INFO:USI: d6f5
2021-04-28 10:54:45,637:INFO:pycaret_globals: {'imputation_regressor', '_all_models', 'master_model_container', '_ml_usecase', 'USI', 'exp_name_log', 'stratify_param', '_gpu_n_jobs_param', 'create_model_container', '_internal_pipeline', 'gpu_param', 'logging_param', 'display_container', 'fold_shuffle_param', 'experiment__', 'iterative_imputation_iters_param', 'n_jobs_param', 'prep_pipe', 'target_param', 'html_param', '_all_models_internal', 'data_before_preprocess', 'transform_target_param', 'fold_param', 'seed', 'log_plots_param', 'X', 'fold_generator', 'transform_target_method_param', 'fix_imbalance_method_param', 'pycaret_globals', '_available_plots', 'fix_imbalance_param', 'fold_groups_param', 'imputation_classifier', '_all_metrics'}
2021-04-28 10:54:45,637:INFO:Preparing display monitor
2021-04-28 10:54:45,637:INFO:Preparing display monitor
2021-04-28 10:54:45,643:INFO:Importing libraries
2021-04-28 10:54:45,644:INFO:Copying data for preprocessing
2021-04-28 10:54:45,646:INFO:Declaring preprocessing parameters
2021-04-28 10:54:45,647:INFO:Creating preprocessing pipeline
2021-04-28 10:54:45,650:INFO:Preprocessing pipeline created successfully
2021-04-28 10:54:45,650:ERROR:(Process Exit): setup has been interupted with user command 'quit'. setup must rerun.
2021-04-28 10:54:45,650:INFO:Creating global containers
2021-04-28 10:54:45,651:INFO:Internal pipeline: Pipeline(memory=None, steps=[('empty_step', 'passthrough')], verbose=False)
2021-04-28 10:54:48,254:INFO:Creating grid variables
2021-04-28 10:54:48,257:INFO:create_model_container: 0
2021-04-28 10:54:48,257:INFO:master_model_container: 0
2021-04-28 10:54:48,257:INFO:display_container: 1
2021-04-28 10:54:48,263:INFO:Pipeline(memory=None,
         steps=[('dtypes',
                 DataTypes_Auto_infer(categorical_features=[],
                                      display_types=True, features_todrop=[],
                                      id_columns=[], ml_usecase='regression',
                                      numerical_features=[],
                                      target='UNSUPERVISED_DUMMY_TARGET',
                                      time_features=[])),
                ('imputer',
                 Simple_Imputer(categorical_strategy='most frequent',
                                fill_value_categorical=None,
                                fill_value_numerical=None...
                ('P_transform', 'passthrough'), ('binn', 'passthrough'),
                ('rem_outliers', 'passthrough'), ('cluster_all', 'passthrough'),
                ('dummy', Dummify(target='UNSUPERVISED_DUMMY_TARGET')),
                ('fix_perfect', 'passthrough'),
                ('clean_names', Clean_Colum_Names()),
                ('feature_select', 'passthrough'), ('fix_multi', 'passthrough'),
                ('dfs', 'passthrough'), ('pca', 'passthrough')],
         verbose=False)
2021-04-28 10:54:48,263:INFO:setup() succesfully completed......................................
2021-04-28 10:54:48,339:INFO:Initializing create_model()
2021-04-28 10:54:48,339:INFO:create_model(estimator=iforest, num_clusters=4, fraction=0.05, ground_truth=None, round=4, fit_kwargs=None, verbose=True, system=True, raise_num_clusters=False, display=None, kwargs={})
2021-04-28 10:54:48,339:INFO:Checking exceptions
2021-04-28 10:54:48,339:INFO:Preparing display monitor
2021-04-28 10:54:48,350:INFO:Importing libraries
2021-04-28 10:54:48,365:INFO:Importing untrained model
2021-04-28 10:54:48,381:INFO:Isolation Forest Imported succesfully
2021-04-28 10:54:48,394:INFO:Fitting Model
2021-04-28 10:54:48,798:INFO:IForest(behaviour='new', bootstrap=False, contamination=0.05,
    max_features=1.0, max_samples='auto', n_estimators=100, n_jobs=-1,
    random_state=3080, verbose=0)
2021-04-28 10:54:48,798:INFO:create_models() succesfully completed......................................
2021-04-28 10:54:48,799:INFO:Uploading results into container
2021-04-28 10:54:48,799:INFO:Uploading model into container now
2021-04-28 10:54:48,799:INFO:create_model_container: 1
2021-04-28 10:54:48,799:INFO:master_model_container: 1
2021-04-28 10:54:48,799:INFO:display_container: 2
2021-04-28 10:54:48,800:INFO:IForest(behaviour='new', bootstrap=False, contamination=0.05,
    max_features=1.0, max_samples='auto', n_estimators=100, n_jobs=-1,
    random_state=3080, verbose=0)
2021-04-28 10:54:48,800:INFO:create_model() succesfully completed......................................
2021-04-28 10:54:48,868:INFO:Initializing create_model()
2021-04-28 10:54:48,868:INFO:create_model(estimator=svm, num_clusters=4, fraction=0.025, ground_truth=None, round=4, fit_kwargs=None, verbose=True, system=True, raise_num_clusters=False, display=None, kwargs={})
2021-04-28 10:54:48,868:INFO:Checking exceptions
2021-04-28 10:54:48,868:INFO:Preparing display monitor
2021-04-28 10:54:48,878:INFO:Importing libraries
2021-04-28 10:54:48,886:INFO:Importing untrained model
2021-04-28 10:54:48,896:INFO:One-class SVM detector Imported succesfully
2021-04-28 10:54:48,907:INFO:Fitting Model
2021-04-28 10:54:48,911:INFO:OCSVM(cache_size=200, coef0=0.0, contamination=0.025, degree=3, gamma='auto',
   kernel='rbf', max_iter=-1, nu=0.5, shrinking=True, tol=0.001,
   verbose=False)
2021-04-28 10:54:48,911:INFO:create_models() succesfully completed......................................
2021-04-28 10:54:48,911:INFO:Uploading results into container
2021-04-28 10:54:48,911:INFO:Uploading model into container now
2021-04-28 10:54:48,912:INFO:create_model_container: 2
2021-04-28 10:54:48,912:INFO:master_model_container: 2
2021-04-28 10:54:48,912:INFO:display_container: 3
2021-04-28 10:54:48,912:INFO:OCSVM(cache_size=200, coef0=0.0, contamination=0.025, degree=3, gamma='auto',
   kernel='rbf', max_iter=-1, nu=0.5, shrinking=True, tol=0.001,
   verbose=False)
2021-04-28 10:54:48,912:INFO:create_model() succesfully completed......................................
2021-04-28 10:54:48,981:INFO:Initializing assign_model()
2021-04-28 10:54:48,981:INFO:assign_model(model=IForest(behaviour='new', bootstrap=False, contamination=0.05,
    max_features=1.0, max_samples='auto', n_estimators=100, n_jobs=-1,
    random_state=3080, verbose=0), transformation=False, score=True, verbose=True)
2021-04-28 10:54:48,985:INFO:Checking exceptions
2021-04-28 10:54:48,985:INFO:Determining Trained Model
2021-04-28 10:54:48,985:INFO:Trained Model : Isolation Forest
2021-04-28 10:54:48,985:INFO:Copying data
2021-04-28 10:54:48,986:INFO:(251, 3)
2021-04-28 10:54:48,986:INFO:assign_model() succesfully completed......................................
2021-04-28 10:54:48,987:INFO:Initializing plot_model()
2021-04-28 10:54:48,987:INFO:plot_model(plot=tsne, fold=None, use_train_data=False, verbose=True, is_in_evaluate=False, display=None, display_format=None, estimator=IForest(behaviour='new', bootstrap=False, contamination=0.05,
    max_features=1.0, max_samples='auto', n_estimators=100, n_jobs=-1,
    random_state=3080, verbose=0), feature_name=None, fit_kwargs=None, groups=None, label=False, save=True, scale=1, system=True)
2021-04-28 10:54:48,987:INFO:Checking exceptions
2021-04-28 10:54:48,987:INFO:Preparing display monitor
2021-04-28 10:54:48,991:INFO:Preloading libraries
2021-04-28 10:54:48,998:INFO:Copying training dataset
2021-04-28 10:54:48,999:INFO:Plot type: tsne
2021-04-28 10:54:49,073:INFO:SubProcess assign_model() called ==================================
2021-04-28 10:54:49,074:INFO:Initializing assign_model()
2021-04-28 10:54:49,074:INFO:assign_model(model=IForest(behaviour='new', bootstrap=False, contamination=0.05,
    max_features=1.0, max_samples='auto', n_estimators=100, n_jobs=-1,
    random_state=3080, verbose=0), transformation=True, score=False, verbose=False)
2021-04-28 10:54:49,074:INFO:Checking exceptions
2021-04-28 10:54:49,074:INFO:Determining Trained Model
2021-04-28 10:54:49,074:INFO:Trained Model : Isolation Forest
2021-04-28 10:54:49,074:INFO:Copying data
2021-04-28 10:54:49,074:INFO:Transformation param set to True. Assigned clusters are attached on transformed dataset.
2021-04-28 10:54:49,075:INFO:(251, 2)
2021-04-28 10:54:49,075:INFO:assign_model() succesfully completed......................................
2021-04-28 10:54:49,075:INFO:SubProcess assign_model() end ==================================
2021-04-28 10:54:49,076:INFO:Getting dummies to cast categorical variables
2021-04-28 10:54:49,076:INFO:Fitting TSNE()
2021-04-28 10:54:50,852:INFO:Rendering Visual
2021-04-28 10:54:51,302:INFO:Saving 'Anomaly TSnE (3d).html' in current active directory
2021-04-28 10:54:51,303:INFO:Visual Rendered Successfully
2021-04-28 10:54:51,368:INFO:plot_model() succesfully completed......................................
2021-04-28 12:14:07,349:INFO:PyCaret Supervised Module
2021-04-28 12:14:07,353:INFO:ML Usecase: anomaly
2021-04-28 12:14:07,353:INFO:version 2.3.0
2021-04-28 12:14:07,353:INFO:Initializing setup()
2021-04-28 12:14:07,353:INFO:setup(target=None, ml_usecase=anomaly, available_plots={'tsne': 'Anomaly TSnE (3d)', 'umap': 'UMAP Dimensionality'}, train_size=0.7, test_data=None, preprocess=True, imputation_type=simple, iterative_imputation_iters=5, categorical_features=None, categorical_imputation=mode, categorical_iterative_imputer=lightgbm, ordinal_features=None, high_cardinality_features=None, high_cardinality_method=frequency, numeric_features=None, numeric_imputation=mean, numeric_iterative_imputer=lightgbm, date_features=None, ignore_features=None, normalize=True, normalize_method=zscore, transformation=False, transformation_method=yeo-johnson, handle_unknown_categorical=True, unknown_categorical_method=least_frequent, pca=False, pca_method=linear, pca_components=None, ignore_low_variance=False, combine_rare_levels=False, rare_level_threshold=0.1, bin_numeric_features=None, remove_outliers=False, outliers_threshold=0.05, remove_multicollinearity=False, multicollinearity_threshold=0.9, remove_perfect_collinearity=False, create_clusters=False, cluster_iter=20, polynomial_features=False, polynomial_degree=2, trigonometry_features=False, polynomial_threshold=0.1, group_features=None, group_names=None, feature_selection=False, feature_selection_threshold=0.8, feature_selection_method=classic, feature_interaction=False, feature_ratio=False, interaction_threshold=0.01, fix_imbalance=False, fix_imbalance_method=None, transform_target=False, transform_target_method=box-cox, data_split_shuffle=False, data_split_stratify=False, fold_strategy=kfold, fold=10, fold_shuffle=False, fold_groups=None, n_jobs=-1, use_gpu=False, custom_pipeline=None, html=True, session_id=None, log_experiment=False, experiment_name=None, log_plots=False, log_profile=False, log_data=False, silent=False, verbose=True, profile=False, profile_kwargs=None, display=None)
2021-04-28 12:14:07,353:INFO:Checking environment
2021-04-28 12:14:07,353:INFO:python_version: 3.8.5
2021-04-28 12:14:07,353:INFO:python_build: ('default', 'Sep  3 2020 21:29:08')
2021-04-28 12:14:07,353:INFO:machine: AMD64
2021-04-28 12:14:07,353:INFO:platform: Windows-10-10.0.19041-SP0
2021-04-28 12:14:07,353:INFO:Memory: svmem(total=8471707648, available=3339603968, percent=60.6, used=5132103680, free=3339603968)
2021-04-28 12:14:07,353:INFO:Physical Core: 4
2021-04-28 12:14:07,353:INFO:Logical Core: 8
2021-04-28 12:14:07,353:INFO:Checking libraries
2021-04-28 12:14:07,353:INFO:pd==1.1.3
2021-04-28 12:14:07,353:INFO:numpy==1.19.5
2021-04-28 12:14:07,354:INFO:sklearn==0.23.2
2021-04-28 12:14:07,354:INFO:lightgbm==3.2.1
2021-04-28 12:14:07,354:WARNING:catboost not found
2021-04-28 12:14:07,354:WARNING:xgboost not found
2021-04-28 12:14:07,724:INFO:mlflow==1.15.0
2021-04-28 12:14:07,725:INFO:Checking Exceptions
2021-04-28 12:14:07,725:INFO:Declaring global variables
2021-04-28 12:14:07,725:INFO:USI: dbf5
2021-04-28 12:14:07,725:INFO:pycaret_globals: {'target_param', 'seed', 'fold_shuffle_param', 'html_param', 'exp_name_log', 'create_model_container', 'fold_param', 'pycaret_globals', 'display_container', '_all_models', '_gpu_n_jobs_param', 'log_plots_param', 'fix_imbalance_param', 'data_before_preprocess', 'n_jobs_param', 'gpu_param', 'imputation_regressor', 'USI', 'fold_generator', 'master_model_container', '_internal_pipeline', 'logging_param', '_all_models_internal', '_ml_usecase', 'transform_target_method_param', 'fix_imbalance_method_param', 'experiment__', 'transform_target_param', 'fold_groups_param', 'X', '_all_metrics', '_available_plots', 'prep_pipe', 'imputation_classifier', 'iterative_imputation_iters_param', 'stratify_param'}
2021-04-28 12:14:07,725:INFO:Preparing display monitor
2021-04-28 12:14:07,725:INFO:Preparing display monitor
2021-04-28 12:14:07,734:INFO:Importing libraries
2021-04-28 12:14:07,735:INFO:Copying data for preprocessing
2021-04-28 12:14:07,743:INFO:Declaring preprocessing parameters
2021-04-28 12:14:07,746:INFO:Creating preprocessing pipeline
2021-04-28 12:14:07,750:INFO:Preprocessing pipeline created successfully
2021-04-28 12:14:07,750:ERROR:(Process Exit): setup has been interupted with user command 'quit'. setup must rerun.
2021-04-28 12:14:07,750:INFO:Creating global containers
2021-04-28 12:14:07,751:INFO:Internal pipeline: Pipeline(memory=None, steps=[('empty_step', 'passthrough')], verbose=False)
2021-04-28 12:14:09,856:INFO:Creating grid variables
2021-04-28 12:14:09,861:INFO:create_model_container: 0
2021-04-28 12:14:09,862:INFO:master_model_container: 0
2021-04-28 12:14:09,862:INFO:display_container: 1
2021-04-28 12:14:09,870:INFO:Pipeline(memory=None,
         steps=[('dtypes',
                 DataTypes_Auto_infer(categorical_features=[],
                                      display_types=True, features_todrop=[],
                                      id_columns=[], ml_usecase='regression',
                                      numerical_features=[],
                                      target='UNSUPERVISED_DUMMY_TARGET',
                                      time_features=[])),
                ('imputer',
                 Simple_Imputer(categorical_strategy='most frequent',
                                fill_value_categorical=None,
                                fill_value_numerical=None...
                ('P_transform', 'passthrough'), ('binn', 'passthrough'),
                ('rem_outliers', 'passthrough'), ('cluster_all', 'passthrough'),
                ('dummy', Dummify(target='UNSUPERVISED_DUMMY_TARGET')),
                ('fix_perfect', 'passthrough'),
                ('clean_names', Clean_Colum_Names()),
                ('feature_select', 'passthrough'), ('fix_multi', 'passthrough'),
                ('dfs', 'passthrough'), ('pca', 'passthrough')],
         verbose=False)
2021-04-28 12:14:09,870:INFO:setup() succesfully completed......................................
2021-04-28 12:14:09,932:INFO:Initializing create_model()
2021-04-28 12:14:09,932:INFO:create_model(estimator=iforest, num_clusters=4, fraction=0.05, ground_truth=None, round=4, fit_kwargs=None, verbose=True, system=True, raise_num_clusters=False, display=None, kwargs={})
2021-04-28 12:14:09,932:INFO:Checking exceptions
2021-04-28 12:14:09,932:INFO:Preparing display monitor
2021-04-28 12:14:09,951:INFO:Importing libraries
2021-04-28 12:14:09,969:INFO:Importing untrained model
2021-04-28 12:14:09,987:INFO:Isolation Forest Imported succesfully
2021-04-28 12:14:10,000:INFO:Fitting Model
2021-04-28 12:14:10,395:INFO:IForest(behaviour='new', bootstrap=False, contamination=0.05,
    max_features=1.0, max_samples='auto', n_estimators=100, n_jobs=-1,
    random_state=2947, verbose=0)
2021-04-28 12:14:10,395:INFO:create_models() succesfully completed......................................
2021-04-28 12:14:10,395:INFO:Uploading results into container
2021-04-28 12:14:10,395:INFO:Uploading model into container now
2021-04-28 12:14:10,397:INFO:create_model_container: 1
2021-04-28 12:14:10,397:INFO:master_model_container: 1
2021-04-28 12:14:10,397:INFO:display_container: 2
2021-04-28 12:14:10,397:INFO:IForest(behaviour='new', bootstrap=False, contamination=0.05,
    max_features=1.0, max_samples='auto', n_estimators=100, n_jobs=-1,
    random_state=2947, verbose=0)
2021-04-28 12:14:10,398:INFO:create_model() succesfully completed......................................
2021-04-28 12:14:10,461:INFO:Initializing create_model()
2021-04-28 12:14:10,461:INFO:create_model(estimator=svm, num_clusters=4, fraction=0.025, ground_truth=None, round=4, fit_kwargs=None, verbose=True, system=True, raise_num_clusters=False, display=None, kwargs={})
2021-04-28 12:14:10,461:INFO:Checking exceptions
2021-04-28 12:14:10,461:INFO:Preparing display monitor
2021-04-28 12:14:10,476:INFO:Importing libraries
2021-04-28 12:14:10,491:INFO:Importing untrained model
2021-04-28 12:14:10,509:INFO:One-class SVM detector Imported succesfully
2021-04-28 12:14:10,525:INFO:Fitting Model
2021-04-28 12:14:10,531:INFO:OCSVM(cache_size=200, coef0=0.0, contamination=0.025, degree=3, gamma='auto',
   kernel='rbf', max_iter=-1, nu=0.5, shrinking=True, tol=0.001,
   verbose=False)
2021-04-28 12:14:10,531:INFO:create_models() succesfully completed......................................
2021-04-28 12:14:10,531:INFO:Uploading results into container
2021-04-28 12:14:10,531:INFO:Uploading model into container now
2021-04-28 12:14:10,532:INFO:create_model_container: 2
2021-04-28 12:14:10,532:INFO:master_model_container: 2
2021-04-28 12:14:10,532:INFO:display_container: 3
2021-04-28 12:14:10,532:INFO:OCSVM(cache_size=200, coef0=0.0, contamination=0.025, degree=3, gamma='auto',
   kernel='rbf', max_iter=-1, nu=0.5, shrinking=True, tol=0.001,
   verbose=False)
2021-04-28 12:14:10,532:INFO:create_model() succesfully completed......................................
2021-04-28 12:14:10,601:INFO:Initializing assign_model()
2021-04-28 12:14:10,601:INFO:assign_model(model=IForest(behaviour='new', bootstrap=False, contamination=0.05,
    max_features=1.0, max_samples='auto', n_estimators=100, n_jobs=-1,
    random_state=2947, verbose=0), transformation=False, score=True, verbose=True)
2021-04-28 12:14:10,601:INFO:Checking exceptions
2021-04-28 12:14:10,601:INFO:Determining Trained Model
2021-04-28 12:14:10,601:INFO:Trained Model : Isolation Forest
2021-04-28 12:14:10,601:INFO:Copying data
2021-04-28 12:14:10,602:INFO:(251, 3)
2021-04-28 12:14:10,602:INFO:assign_model() succesfully completed......................................
2021-04-28 12:14:10,602:INFO:Initializing plot_model()
2021-04-28 12:14:10,602:INFO:plot_model(plot=tsne, fold=None, use_train_data=False, verbose=True, is_in_evaluate=False, display=None, display_format=None, estimator=IForest(behaviour='new', bootstrap=False, contamination=0.05,
    max_features=1.0, max_samples='auto', n_estimators=100, n_jobs=-1,
    random_state=2947, verbose=0), feature_name=None, fit_kwargs=None, groups=None, label=False, save=True, scale=1, system=True)
2021-04-28 12:14:10,602:INFO:Checking exceptions
2021-04-28 12:14:10,602:INFO:Preparing display monitor
2021-04-28 12:14:10,607:INFO:Preloading libraries
2021-04-28 12:14:10,616:INFO:Copying training dataset
2021-04-28 12:14:10,616:INFO:Plot type: tsne
2021-04-28 12:14:10,694:INFO:SubProcess assign_model() called ==================================
2021-04-28 12:14:10,694:INFO:Initializing assign_model()
2021-04-28 12:14:10,694:INFO:assign_model(model=IForest(behaviour='new', bootstrap=False, contamination=0.05,
    max_features=1.0, max_samples='auto', n_estimators=100, n_jobs=-1,
    random_state=2947, verbose=0), transformation=True, score=False, verbose=False)
2021-04-28 12:14:10,694:INFO:Checking exceptions
2021-04-28 12:14:10,695:INFO:Determining Trained Model
2021-04-28 12:14:10,695:INFO:Trained Model : Isolation Forest
2021-04-28 12:14:10,695:INFO:Copying data
2021-04-28 12:14:10,695:INFO:Transformation param set to True. Assigned clusters are attached on transformed dataset.
2021-04-28 12:14:10,696:INFO:(251, 2)
2021-04-28 12:14:10,696:INFO:assign_model() succesfully completed......................................
2021-04-28 12:14:10,696:INFO:SubProcess assign_model() end ==================================
2021-04-28 12:14:10,698:INFO:Getting dummies to cast categorical variables
2021-04-28 12:14:10,698:INFO:Fitting TSNE()
2021-04-28 12:14:12,711:INFO:Rendering Visual
2021-04-28 12:14:13,837:INFO:Saving 'Anomaly TSnE (3d).html' in current active directory
2021-04-28 12:14:13,837:INFO:Visual Rendered Successfully
2021-04-28 12:14:13,903:INFO:plot_model() succesfully completed......................................
2021-04-28 15:58:10,254:INFO:PyCaret Supervised Module
2021-04-28 15:58:10,259:INFO:ML Usecase: anomaly
2021-04-28 15:58:10,259:INFO:version 2.3.0
2021-04-28 15:58:10,259:INFO:Initializing setup()
2021-04-28 15:58:10,259:INFO:setup(target=None, ml_usecase=anomaly, available_plots={'tsne': 'Anomaly TSnE (3d)', 'umap': 'UMAP Dimensionality'}, train_size=0.7, test_data=None, preprocess=True, imputation_type=simple, iterative_imputation_iters=5, categorical_features=None, categorical_imputation=mode, categorical_iterative_imputer=lightgbm, ordinal_features=None, high_cardinality_features=None, high_cardinality_method=frequency, numeric_features=None, numeric_imputation=mean, numeric_iterative_imputer=lightgbm, date_features=None, ignore_features=None, normalize=True, normalize_method=zscore, transformation=False, transformation_method=yeo-johnson, handle_unknown_categorical=True, unknown_categorical_method=least_frequent, pca=False, pca_method=linear, pca_components=None, ignore_low_variance=False, combine_rare_levels=False, rare_level_threshold=0.1, bin_numeric_features=None, remove_outliers=False, outliers_threshold=0.05, remove_multicollinearity=False, multicollinearity_threshold=0.9, remove_perfect_collinearity=False, create_clusters=False, cluster_iter=20, polynomial_features=False, polynomial_degree=2, trigonometry_features=False, polynomial_threshold=0.1, group_features=None, group_names=None, feature_selection=False, feature_selection_threshold=0.8, feature_selection_method=classic, feature_interaction=False, feature_ratio=False, interaction_threshold=0.01, fix_imbalance=False, fix_imbalance_method=None, transform_target=False, transform_target_method=box-cox, data_split_shuffle=False, data_split_stratify=False, fold_strategy=kfold, fold=10, fold_shuffle=False, fold_groups=None, n_jobs=-1, use_gpu=False, custom_pipeline=None, html=True, session_id=None, log_experiment=False, experiment_name=None, log_plots=False, log_profile=False, log_data=False, silent=True, verbose=True, profile=False, profile_kwargs=None, display=None)
2021-04-28 15:58:10,259:INFO:Checking environment
2021-04-28 15:58:10,259:INFO:python_version: 3.8.5
2021-04-28 15:58:10,259:INFO:python_build: ('default', 'Sep  3 2020 21:29:08')
2021-04-28 15:58:10,259:INFO:machine: AMD64
2021-04-28 15:58:10,259:INFO:platform: Windows-10-10.0.19041-SP0
2021-04-28 15:58:10,260:INFO:Memory: svmem(total=8471707648, available=3644395520, percent=57.0, used=4827312128, free=3644395520)
2021-04-28 15:58:10,260:INFO:Physical Core: 4
2021-04-28 15:58:10,260:INFO:Logical Core: 8
2021-04-28 15:58:10,260:INFO:Checking libraries
2021-04-28 15:58:10,260:INFO:pd==1.1.3
2021-04-28 15:58:10,260:INFO:numpy==1.19.5
2021-04-28 15:58:10,260:INFO:sklearn==0.23.2
2021-04-28 15:58:10,260:INFO:lightgbm==3.2.1
2021-04-28 15:58:10,260:WARNING:catboost not found
2021-04-28 15:58:10,261:WARNING:xgboost not found
2021-04-28 15:58:10,664:INFO:mlflow==1.15.0
2021-04-28 15:58:10,664:INFO:Checking Exceptions
2021-04-28 15:58:10,664:INFO:Declaring global variables
2021-04-28 15:58:10,664:INFO:USI: f302
2021-04-28 15:58:10,664:INFO:pycaret_globals: {'seed', 'fold_shuffle_param', 'prep_pipe', 'transform_target_method_param', '_internal_pipeline', 'logging_param', 'n_jobs_param', 'exp_name_log', 'fold_groups_param', 'html_param', 'stratify_param', 'master_model_container', '_ml_usecase', '_all_metrics', '_all_models', 'X', 'USI', 'gpu_param', '_available_plots', '_all_models_internal', 'create_model_container', 'imputation_classifier', 'display_container', 'pycaret_globals', 'fix_imbalance_method_param', '_gpu_n_jobs_param', 'transform_target_param', 'imputation_regressor', 'data_before_preprocess', 'log_plots_param', 'iterative_imputation_iters_param', 'experiment__', 'fold_param', 'fix_imbalance_param', 'fold_generator', 'target_param'}
2021-04-28 15:58:10,665:INFO:Preparing display monitor
2021-04-28 15:58:10,665:INFO:Preparing display monitor
2021-04-28 15:58:10,672:INFO:Importing libraries
2021-04-28 15:58:10,673:INFO:Copying data for preprocessing
2021-04-28 15:58:10,677:INFO:Declaring preprocessing parameters
2021-04-28 15:58:10,679:INFO:Creating preprocessing pipeline
2021-04-28 15:58:10,683:INFO:Preprocessing pipeline created successfully
2021-04-28 15:58:10,683:ERROR:(Process Exit): setup has been interupted with user command 'quit'. setup must rerun.
2021-04-28 15:58:10,683:INFO:Creating global containers
2021-04-28 15:58:10,684:INFO:Internal pipeline: Pipeline(memory=None, steps=[('empty_step', 'passthrough')], verbose=False)
2021-04-28 15:58:10,824:INFO:Creating grid variables
2021-04-28 15:58:10,829:INFO:create_model_container: 0
2021-04-28 15:58:10,829:INFO:master_model_container: 0
2021-04-28 15:58:10,829:INFO:display_container: 1
2021-04-28 15:58:10,835:INFO:Pipeline(memory=None,
         steps=[('dtypes',
                 DataTypes_Auto_infer(categorical_features=[],
                                      display_types=False, features_todrop=[],
                                      id_columns=[], ml_usecase='regression',
                                      numerical_features=[],
                                      target='UNSUPERVISED_DUMMY_TARGET',
                                      time_features=[])),
                ('imputer',
                 Simple_Imputer(categorical_strategy='most frequent',
                                fill_value_categorical=None,
                                fill_value_numerical=Non...
                ('P_transform', 'passthrough'), ('binn', 'passthrough'),
                ('rem_outliers', 'passthrough'), ('cluster_all', 'passthrough'),
                ('dummy', Dummify(target='UNSUPERVISED_DUMMY_TARGET')),
                ('fix_perfect', 'passthrough'),
                ('clean_names', Clean_Colum_Names()),
                ('feature_select', 'passthrough'), ('fix_multi', 'passthrough'),
                ('dfs', 'passthrough'), ('pca', 'passthrough')],
         verbose=False)
2021-04-28 15:58:10,835:INFO:setup() succesfully completed......................................
2021-04-28 15:58:10,903:INFO:Initializing create_model()
2021-04-28 15:58:10,903:INFO:create_model(estimator=iforest, num_clusters=4, fraction=0.05, ground_truth=None, round=4, fit_kwargs=None, verbose=True, system=True, raise_num_clusters=False, display=None, kwargs={})
2021-04-28 15:58:10,903:INFO:Checking exceptions
2021-04-28 15:58:10,903:INFO:Preparing display monitor
2021-04-28 15:58:10,931:INFO:Importing libraries
2021-04-28 15:58:10,970:INFO:Importing untrained model
2021-04-28 15:58:10,990:INFO:Isolation Forest Imported succesfully
2021-04-28 15:58:11,008:INFO:Fitting Model
2021-04-28 15:58:11,392:INFO:IForest(behaviour='new', bootstrap=False, contamination=0.05,
    max_features=1.0, max_samples='auto', n_estimators=100, n_jobs=-1,
    random_state=6656, verbose=0)
2021-04-28 15:58:11,392:INFO:create_models() succesfully completed......................................
2021-04-28 15:58:11,392:INFO:Uploading results into container
2021-04-28 15:58:11,392:INFO:Uploading model into container now
2021-04-28 15:58:11,394:INFO:create_model_container: 1
2021-04-28 15:58:11,394:INFO:master_model_container: 1
2021-04-28 15:58:11,394:INFO:display_container: 2
2021-04-28 15:58:11,395:INFO:IForest(behaviour='new', bootstrap=False, contamination=0.05,
    max_features=1.0, max_samples='auto', n_estimators=100, n_jobs=-1,
    random_state=6656, verbose=0)
2021-04-28 15:58:11,395:INFO:create_model() succesfully completed......................................
2021-04-28 15:58:11,467:INFO:Initializing create_model()
2021-04-28 15:58:11,467:INFO:create_model(estimator=svm, num_clusters=4, fraction=0.025, ground_truth=None, round=4, fit_kwargs=None, verbose=True, system=True, raise_num_clusters=False, display=None, kwargs={})
2021-04-28 15:58:11,467:INFO:Checking exceptions
2021-04-28 15:58:11,467:INFO:Preparing display monitor
2021-04-28 15:58:11,493:INFO:Importing libraries
2021-04-28 15:58:11,514:INFO:Importing untrained model
2021-04-28 15:58:11,532:INFO:One-class SVM detector Imported succesfully
2021-04-28 15:58:11,551:INFO:Fitting Model
2021-04-28 15:58:11,556:INFO:OCSVM(cache_size=200, coef0=0.0, contamination=0.025, degree=3, gamma='auto',
   kernel='rbf', max_iter=-1, nu=0.5, shrinking=True, tol=0.001,
   verbose=False)
2021-04-28 15:58:11,556:INFO:create_models() succesfully completed......................................
2021-04-28 15:58:11,556:INFO:Uploading results into container
2021-04-28 15:58:11,557:INFO:Uploading model into container now
2021-04-28 15:58:11,557:INFO:create_model_container: 2
2021-04-28 15:58:11,557:INFO:master_model_container: 2
2021-04-28 15:58:11,557:INFO:display_container: 3
2021-04-28 15:58:11,558:INFO:OCSVM(cache_size=200, coef0=0.0, contamination=0.025, degree=3, gamma='auto',
   kernel='rbf', max_iter=-1, nu=0.5, shrinking=True, tol=0.001,
   verbose=False)
2021-04-28 15:58:11,558:INFO:create_model() succesfully completed......................................
2021-04-28 15:58:11,622:INFO:Initializing assign_model()
2021-04-28 15:58:11,622:INFO:assign_model(model=IForest(behaviour='new', bootstrap=False, contamination=0.05,
    max_features=1.0, max_samples='auto', n_estimators=100, n_jobs=-1,
    random_state=6656, verbose=0), transformation=False, score=True, verbose=True)
2021-04-28 15:58:11,622:INFO:Checking exceptions
2021-04-28 15:58:11,623:INFO:Determining Trained Model
2021-04-28 15:58:11,623:INFO:Trained Model : Isolation Forest
2021-04-28 15:58:11,623:INFO:Copying data
2021-04-28 15:58:11,624:INFO:(251, 3)
2021-04-28 15:58:11,624:INFO:assign_model() succesfully completed......................................
2021-04-28 15:58:11,624:INFO:Initializing plot_model()
2021-04-28 15:58:11,624:INFO:plot_model(plot=tsne, fold=None, use_train_data=False, verbose=True, is_in_evaluate=False, display=None, display_format=None, estimator=IForest(behaviour='new', bootstrap=False, contamination=0.05,
    max_features=1.0, max_samples='auto', n_estimators=100, n_jobs=-1,
    random_state=6656, verbose=0), feature_name=None, fit_kwargs=None, groups=None, label=False, save=True, scale=1, system=True)
2021-04-28 15:58:11,624:INFO:Checking exceptions
2021-04-28 15:58:11,624:INFO:Preparing display monitor
2021-04-28 15:58:11,629:INFO:Preloading libraries
2021-04-28 15:58:11,637:INFO:Copying training dataset
2021-04-28 15:58:11,638:INFO:Plot type: tsne
2021-04-28 15:58:11,717:INFO:SubProcess assign_model() called ==================================
2021-04-28 15:58:11,718:INFO:Initializing assign_model()
2021-04-28 15:58:11,718:INFO:assign_model(model=IForest(behaviour='new', bootstrap=False, contamination=0.05,
    max_features=1.0, max_samples='auto', n_estimators=100, n_jobs=-1,
    random_state=6656, verbose=0), transformation=True, score=False, verbose=False)
2021-04-28 15:58:11,718:INFO:Checking exceptions
2021-04-28 15:58:11,718:INFO:Determining Trained Model
2021-04-28 15:58:11,718:INFO:Trained Model : Isolation Forest
2021-04-28 15:58:11,718:INFO:Copying data
2021-04-28 15:58:11,718:INFO:Transformation param set to True. Assigned clusters are attached on transformed dataset.
2021-04-28 15:58:11,719:INFO:(251, 2)
2021-04-28 15:58:11,719:INFO:assign_model() succesfully completed......................................
2021-04-28 15:58:11,719:INFO:SubProcess assign_model() end ==================================
2021-04-28 15:58:11,720:INFO:Getting dummies to cast categorical variables
2021-04-28 15:58:11,720:INFO:Fitting TSNE()
2021-04-28 15:58:14,098:INFO:Rendering Visual
2021-04-28 15:58:14,683:INFO:Saving 'Anomaly TSnE (3d).html' in current active directory
2021-04-28 15:58:14,683:INFO:Visual Rendered Successfully
2021-04-28 15:58:14,754:INFO:plot_model() succesfully completed......................................
